This file contains any messages produced by compilers while
running configure, to aid debugging if configure makes a mistake.

It was created by configure, which was
generated by GNU Autoconf 2.60.  Invocation command line was

  $ /home/xavier/projectes/gol/configure CXXFLAGS=-O2 -g0 LDFLAGS=-lSDL_mixer -lSDL_image -lSDL_ttf -lSDL_gfx -llua50 -llualib50 --no-create --no-recursion

## --------- ##
## Platform. ##
## --------- ##

hostname = norimaki
uname -m = i686
uname -r = 2.6.17-11-generic
uname -s = Linux
uname -v = #2 SMP Tue Mar 13 23:32:38 UTC 2007

/usr/bin/uname -p = unknown
/bin/uname -X     = unknown

/bin/arch              = i686
/usr/bin/arch -k       = unknown
/usr/convex/getsysinfo = unknown
/usr/bin/hostinfo      = unknown
/bin/machine           = unknown
/usr/bin/oslevel       = unknown
/bin/universe          = unknown

PATH: /home/xavier/bin
PATH: /usr/local/sbin
PATH: /usr/local/bin
PATH: /usr/sbin
PATH: /usr/bin
PATH: /sbin
PATH: /bin
PATH: /usr/bin/X11
PATH: /usr/games


## ----------- ##
## Core tests. ##
## ----------- ##

configure:1952: checking for a BSD-compatible install
configure:2008: result: /usr/bin/install -c
configure:2019: checking whether build environment is sane
configure:2062: result: yes
configure:2127: checking for gawk
configure:2157: result: no
configure:2127: checking for mawk
configure:2143: found /usr/bin/mawk
configure:2154: result: mawk
configure:2165: checking whether make sets $(MAKE)
configure:2186: result: yes
configure:2435: checking for g++
configure:2451: found /usr/bin/g++
configure:2462: result: g++
configure:2493: checking for C++ compiler version
configure:2500: g++ --version >&5
g++ (GCC) 4.1.2 20060928 (prerelease) (Ubuntu 4.1.1-13ubuntu5)
Copyright (C) 2006 Free Software Foundation, Inc.
This is free software; see the source for copying conditions.  There is NO
warranty; not even for MERCHANTABILITY or FITNESS FOR A PARTICULAR PURPOSE.

configure:2503: $? = 0
configure:2510: g++ -v >&5
Using built-in specs.
Target: i486-linux-gnu
Configured with: ../src/configure -v --enable-languages=c,c++,fortran,objc,obj-c++,treelang --prefix=/usr --enable-shared --with-system-zlib --libexecdir=/usr/lib --without-included-gettext --enable-threads=posix --enable-nls --program-suffix=-4.1 --enable-__cxa_atexit --enable-clocale=gnu --enable-libstdcxx-debug --enable-mpfr --enable-checking=release i486-linux-gnu
Thread model: posix
gcc version 4.1.2 20060928 (prerelease) (Ubuntu 4.1.1-13ubuntu5)
configure:2513: $? = 0
configure:2520: g++ -V >&5
g++: '-V' option must have argument
configure:2523: $? = 1
configure:2546: checking for C++ compiler default output file name
configure:2573: g++ -O2 -g0  -lSDL_mixer -lSDL_image -lSDL_ttf -lSDL_gfx -llua50 -llualib50 conftest.cpp  >&5
configure:2576: $? = 0
configure:2622: result: a.out
configure:2627: checking whether the C++ compiler works
configure:2637: ./a.out
configure:2640: $? = 0
configure:2657: result: yes
configure:2664: checking whether we are cross compiling
configure:2666: result: no
configure:2669: checking for suffix of executables
configure:2676: g++ -o conftest -O2 -g0  -lSDL_mixer -lSDL_image -lSDL_ttf -lSDL_gfx -llua50 -llualib50 conftest.cpp  >&5
configure:2679: $? = 0
configure:2703: result: 
configure:2709: checking for suffix of object files
configure:2735: g++ -c -O2 -g0  conftest.cpp >&5
configure:2738: $? = 0
configure:2761: result: o
configure:2765: checking whether we are using the GNU C++ compiler
configure:2794: g++ -c -O2 -g0  conftest.cpp >&5
configure:2800: $? = 0
configure:2807: test -z "$ac_cxx_werror_flag" || test ! -s conftest.err
configure:2810: $? = 0
configure:2817: test -s conftest.o
configure:2820: $? = 0
configure:2834: result: yes
configure:2839: checking whether g++ accepts -g
configure:2869: g++ -c -g  conftest.cpp >&5
configure:2875: $? = 0
configure:2882: test -z "$ac_cxx_werror_flag" || test ! -s conftest.err
configure:2885: $? = 0
configure:2892: test -s conftest.o
configure:2895: $? = 0
configure:3025: result: yes
configure:3059: checking for style of include used by make
configure:3087: result: GNU
configure:3115: checking dependency style of g++
configure:3205: result: gcc3
configure:3300: checking build system type
configure:3318: result: i686-pc-linux-gnu
configure:3340: checking host system type
configure:3355: result: i686-pc-linux-gnu
configure:3425: checking for gcc
configure:3441: found /usr/bin/gcc
configure:3452: result: gcc
configure:3690: checking for C compiler version
configure:3697: gcc --version >&5
gcc (GCC) 4.1.2 20060928 (prerelease) (Ubuntu 4.1.1-13ubuntu5)
Copyright (C) 2006 Free Software Foundation, Inc.
This is free software; see the source for copying conditions.  There is NO
warranty; not even for MERCHANTABILITY or FITNESS FOR A PARTICULAR PURPOSE.

configure:3700: $? = 0
configure:3707: gcc -v >&5
Using built-in specs.
Target: i486-linux-gnu
Configured with: ../src/configure -v --enable-languages=c,c++,fortran,objc,obj-c++,treelang --prefix=/usr --enable-shared --with-system-zlib --libexecdir=/usr/lib --without-included-gettext --enable-threads=posix --enable-nls --program-suffix=-4.1 --enable-__cxa_atexit --enable-clocale=gnu --enable-libstdcxx-debug --enable-mpfr --enable-checking=release i486-linux-gnu
Thread model: posix
gcc version 4.1.2 20060928 (prerelease) (Ubuntu 4.1.1-13ubuntu5)
configure:3710: $? = 0
configure:3717: gcc -V >&5
gcc: '-V' option must have argument
configure:3720: $? = 1
configure:3723: checking whether we are using the GNU C compiler
configure:3752: gcc -c   conftest.c >&5
configure:3758: $? = 0
configure:3765: test -z "$ac_c_werror_flag" || test ! -s conftest.err
configure:3768: $? = 0
configure:3775: test -s conftest.o
configure:3778: $? = 0
configure:3792: result: yes
configure:3797: checking whether gcc accepts -g
configure:3827: gcc -c -g  conftest.c >&5
configure:3833: $? = 0
configure:3840: test -z "$ac_c_werror_flag" || test ! -s conftest.err
configure:3843: $? = 0
configure:3850: test -s conftest.o
configure:3853: $? = 0
configure:3983: result: yes
configure:4000: checking for gcc option to accept ISO C89
configure:4074: gcc  -c -g -O2  conftest.c >&5
configure:4080: $? = 0
configure:4087: test -z "$ac_c_werror_flag" || test ! -s conftest.err
configure:4090: $? = 0
configure:4097: test -s conftest.o
configure:4100: $? = 0
configure:4120: result: none needed
configure:4140: checking dependency style of gcc
configure:4230: result: gcc3
configure:4247: checking for a sed that does not truncate output
configure:4301: result: /bin/sed
configure:4304: checking for grep that handles long lines and -e
configure:4378: result: /bin/grep
configure:4383: checking for egrep
configure:4461: result: /bin/grep -E
configure:4477: checking for ld used by gcc
configure:4544: result: /usr/bin/ld
configure:4553: checking if the linker (/usr/bin/ld) is GNU ld
configure:4568: result: yes
configure:4573: checking for /usr/bin/ld option to reload object files
configure:4580: result: -r
configure:4598: checking for BSD-compatible nm
configure:4647: result: /usr/bin/nm -B
configure:4651: checking whether ln -s works
configure:4655: result: yes
configure:4662: checking how to recognise dependent libraries
configure:4838: result: pass_all
configure:5088: checking how to run the C preprocessor
configure:5128: gcc -E  conftest.c
configure:5134: $? = 0
configure:5172: gcc -E  conftest.c
conftest.c:10:28: error: ac_nonexistent.h: No such file or directory
configure:5178: $? = 1
configure: failed program was:
| /* confdefs.h.  */
| #define PACKAGE_NAME ""
| #define PACKAGE_TARNAME ""
| #define PACKAGE_VERSION ""
| #define PACKAGE_STRING ""
| #define PACKAGE_BUGREPORT ""
| #define PACKAGE "gol"
| #define VERSION "0.1"
| /* end confdefs.h.  */
| #include <ac_nonexistent.h>
configure:5218: result: gcc -E
configure:5247: gcc -E  conftest.c
configure:5253: $? = 0
configure:5291: gcc -E  conftest.c
conftest.c:10:28: error: ac_nonexistent.h: No such file or directory
configure:5297: $? = 1
configure: failed program was:
| /* confdefs.h.  */
| #define PACKAGE_NAME ""
| #define PACKAGE_TARNAME ""
| #define PACKAGE_VERSION ""
| #define PACKAGE_STRING ""
| #define PACKAGE_BUGREPORT ""
| #define PACKAGE "gol"
| #define VERSION "0.1"
| /* end confdefs.h.  */
| #include <ac_nonexistent.h>
configure:5342: checking for ANSI C header files
configure:5372: gcc -c -g -O2  conftest.c >&5
configure:5378: $? = 0
configure:5385: test -z "$ac_c_werror_flag" || test ! -s conftest.err
configure:5388: $? = 0
configure:5395: test -s conftest.o
configure:5398: $? = 0
configure:5494: gcc -o conftest -g -O2  -lSDL_mixer -lSDL_image -lSDL_ttf -lSDL_gfx -llua50 -llualib50 conftest.c  >&5
configure:5497: $? = 0
configure:5503: ./conftest
configure:5506: $? = 0
configure:5523: result: yes
configure:5547: checking for sys/types.h
configure:5568: gcc -c -g -O2  conftest.c >&5
configure:5574: $? = 0
configure:5581: test -z "$ac_c_werror_flag" || test ! -s conftest.err
configure:5584: $? = 0
configure:5591: test -s conftest.o
configure:5594: $? = 0
configure:5607: result: yes
configure:5547: checking for sys/stat.h
configure:5568: gcc -c -g -O2  conftest.c >&5
configure:5574: $? = 0
configure:5581: test -z "$ac_c_werror_flag" || test ! -s conftest.err
configure:5584: $? = 0
configure:5591: test -s conftest.o
configure:5594: $? = 0
configure:5607: result: yes
configure:5547: checking for stdlib.h
configure:5568: gcc -c -g -O2  conftest.c >&5
configure:5574: $? = 0
configure:5581: test -z "$ac_c_werror_flag" || test ! -s conftest.err
configure:5584: $? = 0
configure:5591: test -s conftest.o
configure:5594: $? = 0
configure:5607: result: yes
configure:5547: checking for string.h
configure:5568: gcc -c -g -O2  conftest.c >&5
configure:5574: $? = 0
configure:5581: test -z "$ac_c_werror_flag" || test ! -s conftest.err
configure:5584: $? = 0
configure:5591: test -s conftest.o
configure:5594: $? = 0
configure:5607: result: yes
configure:5547: checking for memory.h
configure:5568: gcc -c -g -O2  conftest.c >&5
configure:5574: $? = 0
configure:5581: test -z "$ac_c_werror_flag" || test ! -s conftest.err
configure:5584: $? = 0
configure:5591: test -s conftest.o
configure:5594: $? = 0
configure:5607: result: yes
configure:5547: checking for strings.h
configure:5568: gcc -c -g -O2  conftest.c >&5
configure:5574: $? = 0
configure:5581: test -z "$ac_c_werror_flag" || test ! -s conftest.err
configure:5584: $? = 0
configure:5591: test -s conftest.o
configure:5594: $? = 0
configure:5607: result: yes
configure:5547: checking for inttypes.h
configure:5568: gcc -c -g -O2  conftest.c >&5
configure:5574: $? = 0
configure:5581: test -z "$ac_c_werror_flag" || test ! -s conftest.err
configure:5584: $? = 0
configure:5591: test -s conftest.o
configure:5594: $? = 0
configure:5607: result: yes
configure:5547: checking for stdint.h
configure:5568: gcc -c -g -O2  conftest.c >&5
configure:5574: $? = 0
configure:5581: test -z "$ac_c_werror_flag" || test ! -s conftest.err
configure:5584: $? = 0
configure:5591: test -s conftest.o
configure:5594: $? = 0
configure:5607: result: yes
configure:5547: checking for unistd.h
configure:5568: gcc -c -g -O2  conftest.c >&5
configure:5574: $? = 0
configure:5581: test -z "$ac_c_werror_flag" || test ! -s conftest.err
configure:5584: $? = 0
configure:5591: test -s conftest.o
configure:5594: $? = 0
configure:5607: result: yes
configure:5634: checking dlfcn.h usability
configure:5651: gcc -c -g -O2  conftest.c >&5
configure:5657: $? = 0
configure:5664: test -z "$ac_c_werror_flag" || test ! -s conftest.err
configure:5667: $? = 0
configure:5674: test -s conftest.o
configure:5677: $? = 0
configure:5688: result: yes
configure:5692: checking dlfcn.h presence
configure:5707: gcc -E  conftest.c
configure:5713: $? = 0
configure:5734: result: yes
configure:5762: checking for dlfcn.h
configure:5770: result: yes
configure:5793: checking how to run the C++ preprocessor
configure:5829: g++ -E  conftest.cpp
configure:5835: $? = 0
configure:5873: g++ -E  conftest.cpp
conftest.cpp:21:28: error: ac_nonexistent.h: No such file or directory
configure:5879: $? = 1
configure: failed program was:
| /* confdefs.h.  */
| #define PACKAGE_NAME ""
| #define PACKAGE_TARNAME ""
| #define PACKAGE_VERSION ""
| #define PACKAGE_STRING ""
| #define PACKAGE_BUGREPORT ""
| #define PACKAGE "gol"
| #define VERSION "0.1"
| #define STDC_HEADERS 1
| #define HAVE_SYS_TYPES_H 1
| #define HAVE_SYS_STAT_H 1
| #define HAVE_STDLIB_H 1
| #define HAVE_STRING_H 1
| #define HAVE_MEMORY_H 1
| #define HAVE_STRINGS_H 1
| #define HAVE_INTTYPES_H 1
| #define HAVE_STDINT_H 1
| #define HAVE_UNISTD_H 1
| #define HAVE_DLFCN_H 1
| /* end confdefs.h.  */
| #include <ac_nonexistent.h>
configure:5919: result: g++ -E
configure:5948: g++ -E  conftest.cpp
configure:5954: $? = 0
configure:5992: g++ -E  conftest.cpp
conftest.cpp:21:28: error: ac_nonexistent.h: No such file or directory
configure:5998: $? = 1
configure: failed program was:
| /* confdefs.h.  */
| #define PACKAGE_NAME ""
| #define PACKAGE_TARNAME ""
| #define PACKAGE_VERSION ""
| #define PACKAGE_STRING ""
| #define PACKAGE_BUGREPORT ""
| #define PACKAGE "gol"
| #define VERSION "0.1"
| #define STDC_HEADERS 1
| #define HAVE_SYS_TYPES_H 1
| #define HAVE_SYS_STAT_H 1
| #define HAVE_STDLIB_H 1
| #define HAVE_STRING_H 1
| #define HAVE_MEMORY_H 1
| #define HAVE_STRINGS_H 1
| #define HAVE_INTTYPES_H 1
| #define HAVE_STDINT_H 1
| #define HAVE_UNISTD_H 1
| #define HAVE_DLFCN_H 1
| /* end confdefs.h.  */
| #include <ac_nonexistent.h>
configure:6098: checking for g77
configure:6128: result: no
configure:6098: checking for f77
configure:6128: result: no
configure:6098: checking for xlf
configure:6128: result: no
configure:6098: checking for frt
configure:6128: result: no
configure:6098: checking for pgf77
configure:6128: result: no
configure:6098: checking for cf77
configure:6128: result: no
configure:6098: checking for fort77
configure:6128: result: no
configure:6098: checking for fl32
configure:6128: result: no
configure:6098: checking for af77
configure:6128: result: no
configure:6098: checking for f90
configure:6128: result: no
configure:6098: checking for xlf90
configure:6128: result: no
configure:6098: checking for pgf90
configure:6128: result: no
configure:6098: checking for pghpf
configure:6128: result: no
configure:6098: checking for epcf90
configure:6128: result: no
configure:6098: checking for gfortran
configure:6128: result: no
configure:6098: checking for g95
configure:6128: result: no
configure:6098: checking for f95
configure:6128: result: no
configure:6098: checking for fort
configure:6128: result: no
configure:6098: checking for xlf95
configure:6128: result: no
configure:6098: checking for ifort
configure:6128: result: no
configure:6098: checking for ifc
configure:6128: result: no
configure:6098: checking for efc
configure:6128: result: no
configure:6098: checking for pgf95
configure:6128: result: no
configure:6098: checking for lf95
configure:6128: result: no
configure:6098: checking for ftn
configure:6128: result: no
configure:6155: checking for Fortran 77 compiler version
configure:6162:  --version >&5
/home/xavier/projectes/gol/configure: line 6163: --version: command not found
configure:6165: $? = 127
configure:6172:  -v >&5
/home/xavier/projectes/gol/configure: line 6173: -v: command not found
configure:6175: $? = 127
configure:6182:  -V >&5
/home/xavier/projectes/gol/configure: line 6183: -V: command not found
configure:6185: $? = 127
configure:6193: checking whether we are using the GNU Fortran 77 compiler
configure:6212:  -c  conftest.F >&5
/home/xavier/projectes/gol/configure: line 6213: -c: command not found
configure:6218: $? = 127
configure: failed program was:
|       program main
| #ifndef __GNUC__
|        choke me
| #endif
| 
|       end
configure:6252: result: no
configure:6258: checking whether  accepts -g
configure:6275:  -c -g conftest.f >&5
/home/xavier/projectes/gol/configure: line 6276: -c: command not found
configure:6281: $? = 127
configure: failed program was:
|       program main
| 
|       end
configure:6314: result: no
configure:6344: checking the maximum length of command line arguments
configure:6453: result: 32768
configure:6464: checking command to parse /usr/bin/nm -B output from gcc object
configure:6569: g++ -c -O2 -g0  conftest.cpp >&5
configure:6572: $? = 0
configure:6576: /usr/bin/nm -B conftest.o \| sed -n -e 's/^.*[ 	]\([ABCDGIRSTW][ABCDGIRSTW]*\)[ 	][ 	]*\([_A-Za-z][_A-Za-z0-9]*\)$/\1 \2 \2/p' \> conftest.nm
configure:6579: $? = 0
configure:6631: g++ -o conftest -O2 -g0  -lSDL_mixer -lSDL_image -lSDL_ttf -lSDL_gfx -llua50 -llualib50 conftest.cpp conftstm.o >&5
configure:6634: $? = 0
configure:6672: result: ok
configure:6676: checking for objdir
configure:6691: result: .libs
configure:6783: checking for ar
configure:6799: found /usr/bin/ar
configure:6810: result: ar
configure:6879: checking for ranlib
configure:6895: found /usr/bin/ranlib
configure:6906: result: ranlib
configure:6975: checking for strip
configure:6991: found /usr/bin/strip
configure:7002: result: strip
configure:7288: checking if gcc supports -fno-rtti -fno-exceptions
configure:7306: gcc -c -g -O2  -fno-rtti -fno-exceptions conftest.c >&5
cc1: warning: command line option "-fno-rtti" is valid for C++/ObjC++ but not for C
configure:7310: $? = 0
configure:7323: result: no
configure:7338: checking for gcc option to produce PIC
configure:7548: result: -fPIC
configure:7556: checking if gcc PIC flag -fPIC works
configure:7574: gcc -c -g -O2  -fPIC -DPIC conftest.c >&5
configure:7578: $? = 0
configure:7591: result: yes
configure:7619: checking if gcc static flag -static works
configure:7647: result: yes
configure:7657: checking if gcc supports -c -o file.o
configure:7678: gcc -c -g -O2  -o out/conftest2.o conftest.c >&5
configure:7682: $? = 0
configure:7704: result: yes
configure:7730: checking whether the gcc linker (/usr/bin/ld) supports shared libraries
configure:8717: result: yes
configure:8738: checking whether -lc should be explicitly linked in
configure:8743: gcc -c -g -O2  conftest.c >&5
configure:8746: $? = 0
configure:8761: gcc -shared conftest.o  -v -Wl,-soname -Wl,conftest -o conftest 2\>\&1 \| grep  -lc  \>/dev/null 2\>\&1
configure:8764: $? = 0
configure:8776: result: no
configure:8784: checking dynamic linker characteristics
configure:9360: result: GNU/Linux ld.so
configure:9369: checking how to hardcode library paths into programs
configure:9394: result: immediate
configure:9408: checking whether stripping libraries is possible
configure:9413: result: yes
configure:10326: checking if libtool supports shared libraries
configure:10328: result: yes
configure:10331: checking whether to build shared libraries
configure:10352: result: yes
configure:10355: checking whether to build static libraries
configure:10359: result: yes
configure:10451: creating libtool
configure:11039: checking for ld used by g++
configure:11106: result: /usr/bin/ld
configure:11115: checking if the linker (/usr/bin/ld) is GNU ld
configure:11130: result: yes
configure:11181: checking whether the g++ linker (/usr/bin/ld) supports shared libraries
configure:12147: result: yes
configure:12165: g++ -c -O2 -g0  conftest.cpp >&5
configure:12168: $? = 0
configure:12287: checking for g++ option to produce PIC
configure:12561: result: -fPIC
configure:12569: checking if g++ PIC flag -fPIC works
configure:12587: g++ -c -O2 -g0  -fPIC -DPIC conftest.cpp >&5
configure:12591: $? = 0
configure:12604: result: yes
configure:12632: checking if g++ static flag -static works
configure:12660: result: yes
configure:12670: checking if g++ supports -c -o file.o
configure:12691: g++ -c -O2 -g0  -o out/conftest2.o conftest.cpp >&5
configure:12695: $? = 0
configure:12717: result: yes
configure:12743: checking whether the g++ linker (/usr/bin/ld) supports shared libraries
configure:12771: result: yes
configure:12838: checking dynamic linker characteristics
configure:13414: result: GNU/Linux ld.so
configure:13423: checking how to hardcode library paths into programs
configure:13448: result: immediate
configure:19634: checking for sdl-config
configure:19688: result: /usr/bin/sdl-config
configure:19843: creating ./config.status

## ---------------- ##
## Cache variables. ##
## ---------------- ##

ac_cv_build=i686-pc-linux-gnu
ac_cv_c_compiler_gnu=yes
ac_cv_cxx_compiler_gnu=yes
ac_cv_env_CCC_set=
ac_cv_env_CCC_value=
ac_cv_env_CC_set=
ac_cv_env_CC_value=
ac_cv_env_CFLAGS_set=
ac_cv_env_CFLAGS_value=
ac_cv_env_CPPFLAGS_set=
ac_cv_env_CPPFLAGS_value=
ac_cv_env_CPP_set=
ac_cv_env_CPP_value=
ac_cv_env_CXXCPP_set=
ac_cv_env_CXXCPP_value=
ac_cv_env_CXXFLAGS_set=set
ac_cv_env_CXXFLAGS_value='-O2 -g0'
ac_cv_env_CXX_set=
ac_cv_env_CXX_value=
ac_cv_env_F77_set=
ac_cv_env_F77_value=
ac_cv_env_FFLAGS_set=
ac_cv_env_FFLAGS_value=
ac_cv_env_LDFLAGS_set=set
ac_cv_env_LDFLAGS_value='-lSDL_mixer -lSDL_image -lSDL_ttf -lSDL_gfx -llua50 -llualib50'
ac_cv_env_build_alias_set=
ac_cv_env_build_alias_value=
ac_cv_env_host_alias_set=
ac_cv_env_host_alias_value=
ac_cv_env_target_alias_set=
ac_cv_env_target_alias_value=
ac_cv_f77_compiler_gnu=no
ac_cv_header_dlfcn_h=yes
ac_cv_header_inttypes_h=yes
ac_cv_header_memory_h=yes
ac_cv_header_stdc=yes
ac_cv_header_stdint_h=yes
ac_cv_header_stdlib_h=yes
ac_cv_header_string_h=yes
ac_cv_header_strings_h=yes
ac_cv_header_sys_stat_h=yes
ac_cv_header_sys_types_h=yes
ac_cv_header_unistd_h=yes
ac_cv_host=i686-pc-linux-gnu
ac_cv_objext=o
ac_cv_path_EGREP='/bin/grep -E'
ac_cv_path_GREP=/bin/grep
ac_cv_path_install='/usr/bin/install -c'
ac_cv_prog_AWK=mawk
ac_cv_prog_CPP='gcc -E'
ac_cv_prog_CXXCPP='g++ -E'
ac_cv_prog_ac_ct_AR=ar
ac_cv_prog_ac_ct_CC=gcc
ac_cv_prog_ac_ct_CXX=g++
ac_cv_prog_ac_ct_RANLIB=ranlib
ac_cv_prog_ac_ct_STRIP=strip
ac_cv_prog_cc_c89=
ac_cv_prog_cc_g=yes
ac_cv_prog_cxx_g=yes
ac_cv_prog_f77_g=no
ac_cv_prog_make_make_set=yes
am_cv_CC_dependencies_compiler_type=gcc3
am_cv_CXX_dependencies_compiler_type=gcc3
kde_cv_path=/usr/bin/sdl-config
kde_cv_path_sdl_config=/usr/bin/sdl-config
lt_cv_deplibs_check_method=pass_all
lt_cv_file_magic_cmd='$MAGIC_CMD'
lt_cv_file_magic_test_file=
lt_cv_ld_reload_flag=-r
lt_cv_objdir=.libs
lt_cv_path_LD=/usr/bin/ld
lt_cv_path_LDCXX=/usr/bin/ld
lt_cv_path_NM='/usr/bin/nm -B'
lt_cv_path_SED=/bin/sed
lt_cv_prog_compiler_c_o=yes
lt_cv_prog_compiler_c_o_CXX=yes
lt_cv_prog_compiler_rtti_exceptions=no
lt_cv_prog_gnu_ld=yes
lt_cv_prog_gnu_ldcxx=yes
lt_cv_sys_global_symbol_pipe='sed -n -e '\''s/^.*[ 	]\([ABCDGIRSTW][ABCDGIRSTW]*\)[ 	][ 	]*\([_A-Za-z][_A-Za-z0-9]*\)$/\1 \2 \2/p'\'''
lt_cv_sys_global_symbol_to_c_name_address='sed -n -e '\''s/^: \([^ ]*\) $/  {\"\1\", (lt_ptr) 0},/p'\'' -e '\''s/^[BCDEGRST] \([^ ]*\) \([^ ]*\)$/  {"\2", (lt_ptr) \&\2},/p'\'''
lt_cv_sys_global_symbol_to_cdecl='sed -n -e '\''s/^. .* \(.*\)$/extern int \1;/p'\'''
lt_cv_sys_max_cmd_len=32768
lt_lt_cv_prog_compiler_c_o='"yes"'
lt_lt_cv_prog_compiler_c_o_CXX='"yes"'
lt_lt_cv_sys_global_symbol_pipe='"sed -n -e '\''s/^.*[ 	]\\([ABCDGIRSTW][ABCDGIRSTW]*\\)[ 	][ 	]*\\([_A-Za-z][_A-Za-z0-9]*\\)\$/\\1 \\2 \\2/p'\''"'
lt_lt_cv_sys_global_symbol_to_c_name_address='"sed -n -e '\''s/^: \\([^ ]*\\) \$/  {\\\"\\1\\\", (lt_ptr) 0},/p'\'' -e '\''s/^[BCDEGRST] \\([^ ]*\\) \\([^ ]*\\)\$/  {\"\\2\", (lt_ptr) \\&\\2},/p'\''"'
lt_lt_cv_sys_global_symbol_to_cdecl='"sed -n -e '\''s/^. .* \\(.*\\)\$/extern int \\1;/p'\''"'

## ----------------- ##
## Output variables. ##
## ----------------- ##

ACLOCAL='${SHELL} /home/xavier/projectes/gol/missing --run aclocal-1.9'
AMDEPBACKSLASH='\'
AMDEP_FALSE='#'
AMDEP_TRUE=''
AMTAR='${SHELL} /home/xavier/projectes/gol/missing --run tar'
AR='ar'
AUTOCONF='${SHELL} /home/xavier/projectes/gol/missing --run autoconf'
AUTOHEADER='${SHELL} /home/xavier/projectes/gol/missing --run autoheader'
AUTOMAKE='${SHELL} /home/xavier/projectes/gol/missing --run automake-1.9'
AWK='mawk'
CC='gcc'
CCDEPMODE='depmode=gcc3'
CFLAGS='-g -O2'
CPP='gcc -E'
CPPFLAGS=''
CXX='g++'
CXXCPP='g++ -E'
CXXDEPMODE='depmode=gcc3'
CXXFLAGS='-O2 -g0'
CYGPATH_W='echo'
DEFS='-DHAVE_CONFIG_H'
DEPDIR='.deps'
ECHO='echo'
ECHO_C=''
ECHO_N='-n'
ECHO_T=''
EGREP='/bin/grep -E'
EXEEXT=''
F77=''
FFLAGS=''
GREP='/bin/grep'
INSTALL_DATA='${INSTALL} -m 644'
INSTALL_PROGRAM='${INSTALL}'
INSTALL_SCRIPT='${INSTALL}'
INSTALL_STRIP_PROGRAM='${SHELL} $(install_sh) -c -s'
LDFLAGS='-lSDL_mixer -lSDL_image -lSDL_ttf -lSDL_gfx -llua50 -llualib50'
LIBOBJS=''
LIBS=''
LIBSDL_CFLAGS='-I/usr/include/SDL -D_GNU_SOURCE=1 -D_REENTRANT'
LIBSDL_LIBS='-L/usr/lib -lSDL -lpthread'
LIBSDL_RPATH='-R/usr/lib'
LIBTOOL='$(SHELL) $(top_builddir)/libtool'
LN_S='ln -s'
LTLIBOBJS=''
MAKEINFO='${SHELL} /home/xavier/projectes/gol/missing --run makeinfo'
OBJEXT='o'
PACKAGE='gol'
PACKAGE_BUGREPORT=''
PACKAGE_NAME=''
PACKAGE_STRING=''
PACKAGE_TARNAME=''
PACKAGE_VERSION=''
PATH_SEPARATOR=':'
RANLIB='ranlib'
SET_MAKE=''
SHELL='/bin/bash'
STRIP='strip'
VERSION='0.1'
ac_ct_CC='gcc'
ac_ct_CXX='g++'
ac_ct_F77=''
am__fastdepCC_FALSE='#'
am__fastdepCC_TRUE=''
am__fastdepCXX_FALSE='#'
am__fastdepCXX_TRUE=''
am__include='include'
am__leading_dot='.'
am__quote=''
am__tar='${AMTAR} chof - "$$tardir"'
am__untar='${AMTAR} xf -'
bindir='${exec_prefix}/bin'
build='i686-pc-linux-gnu'
build_alias=''
build_cpu='i686'
build_os='linux-gnu'
build_vendor='pc'
datadir='${datarootdir}'
datarootdir='${prefix}/share'
docdir='${datarootdir}/doc/${PACKAGE}'
dvidir='${docdir}'
exec_prefix='${prefix}'
host='i686-pc-linux-gnu'
host_alias=''
host_cpu='i686'
host_os='linux-gnu'
host_vendor='pc'
htmldir='${docdir}'
includedir='${prefix}/include'
infodir='${datarootdir}/info'
install_sh='/home/xavier/projectes/gol/install-sh'
libdir='${exec_prefix}/lib'
libexecdir='${exec_prefix}/libexec'
localedir='${datarootdir}/locale'
localstatedir='${prefix}/var'
mandir='${datarootdir}/man'
mkdir_p='mkdir -p --'
oldincludedir='/usr/include'
pdfdir='${docdir}'
prefix='/usr/local'
program_transform_name='s,x,x,'
psdir='${docdir}'
sbindir='${exec_prefix}/sbin'
sharedstatedir='${prefix}/com'
sysconfdir='${prefix}/etc'
target_alias=''

## ----------- ##
## confdefs.h. ##
## ----------- ##

#define PACKAGE_NAME ""
#define PACKAGE_TARNAME ""
#define PACKAGE_VERSION ""
#define PACKAGE_STRING ""
#define PACKAGE_BUGREPORT ""
#define PACKAGE "gol"
#define VERSION "0.1"
#define STDC_HEADERS 1
#define HAVE_SYS_TYPES_H 1
#define HAVE_SYS_STAT_H 1
#define HAVE_STDLIB_H 1
#define HAVE_STRING_H 1
#define HAVE_MEMORY_H 1
#define HAVE_STRINGS_H 1
#define HAVE_INTTYPES_H 1
#define HAVE_STDINT_H 1
#define HAVE_UNISTD_H 1
#define HAVE_DLFCN_H 1
#define HAVE_LIBSDL 1

configure: exit 0

## ---------------------- ##
## Running config.status. ##
## ---------------------- ##

This file was extended by config.status, which was
generated by GNU Autoconf 2.60.  Invocation command line was

  CONFIG_FILES    = 
  CONFIG_HEADERS  = 
  CONFIG_LINKS    = 
  CONFIG_COMMANDS = 
  $ ./config.status 

on norimaki

config.status:650: creating Makefile
config.status:650: creating src/Makefile
config.status:650: creating config.h
config.status:911: executing depfiles commands
